<?xml version="1.0" encoding="UTF-8"?>
<testsuite name="com.desafioconcrete.test.util.JwtUtilTest" tests="2" skipped="0" failures="0" errors="0" timestamp="2017-01-01T18:46:40" hostname="DESKTOP-K0785GI" time="0.769">
  <properties/>
  <testcase name="testarValidacao" classname="com.desafioconcrete.test.util.JwtUtilTest" time="0.74"/>
  <testcase name="testarErroValidacao" classname="com.desafioconcrete.test.util.JwtUtilTest" time="0.0"/>
  <system-out><![CDATA[]]></system-out>
  <system-err><![CDATA[]]></system-err>
</testsuite>
